<?xml version="1.0" encoding="UTF-8"?>
<!-- Generated by org.testng.reporters.JUnitXMLReporter -->
<testsuite ignored="2" hostname="HGAJJELA02" failures="0" tests="4" name="Test" time="3.044" errors="0" timestamp="2020-09-26T23:17:15 IST">
  <testcase classname="requests.POST" name="test01" time="1.683"/>
  <testcase classname="requests.GET" name="test02" time="0.536"/>
  <testcase classname="requests.PUT_PATCH" name="test02_PATCH" time="0.41"/>
  <testcase classname="requests.DELETE" name="test01" time="0.389"/>
  <testcase classname="requests.GET" name="test01" time="0.0">
    <ignored/>
  </testcase> <!-- test01 -->
  <testcase classname="requests.PUT_PATCH" name="test01_PUT" time="0.0">
    <ignored/>
  </testcase> <!-- test01_PUT -->
</testsuite> <!-- Test -->
