<?xml version="1.0" encoding="UTF-8"?>
<testng-results ignored="0" total="1" passed="1" failed="0" skipped="0">
  <reporter-output>
  </reporter-output>
  <suite started-at="2020-09-26T21:21:37 IST" name="Default suite" finished-at="2020-09-26T21:21:39 IST" duration-ms="1895">
    <groups>
    </groups>
    <test started-at="2020-09-26T21:21:37 IST" name="Default test" finished-at="2020-09-26T21:21:39 IST" duration-ms="1895">
      <class name="requests.DELETE">
        <test-method signature="test01()[pri:0, instance:requests.DELETE@1677d1]" started-at="2020-09-26T21:21:37 IST" name="test01" finished-at="2020-09-26T21:21:39 IST" duration-ms="1868" status="PASS">
          <reporter-output>
          </reporter-output>
        </test-method> <!-- test01 -->
      </class> <!-- requests.DELETE -->
    </test> <!-- Default test -->
  </suite> <!-- Default suite -->
</testng-results>
